2015-03-19T03:55:09.454808+00:00 app[web.1]: 	at org.eclipse.jetty.servlet.ServletContextHandler.startContext(ServletContextHandler.java:337)
2015-03-19T03:55:09.454836+00:00 app[web.1]: 	at org.eclipse.jetty.util.component.AbstractLifeCycle.start(AbstractLifeCycle.java:68)
2015-03-19T03:55:09.454839+00:00 app[web.1]: 	at org.eclipse.jetty.runner.Runner.main(Runner.java:557)
2015-03-19T03:55:09.454064+00:00 app[web.1]: 	at org.springframework.web.context.ContextLoader.configureAndRefreshWebApplicationContext(ContextLoader.java:403)
2015-03-19T03:55:09.454074+00:00 app[web.1]: 	at org.eclipse.jetty.servlet.ServletContextHandler.startContext(ServletContextHandler.java:337)
2015-03-19T03:55:09.454077+00:00 app[web.1]: 	at org.eclipse.jetty.webapp.WebAppContext.startContext(WebAppContext.java:1336)
2015-03-19T03:55:09.454080+00:00 app[web.1]: 	at org.eclipse.jetty.webapp.WebAppContext.doStart(WebAppContext.java:499)
2015-03-19T03:55:09.454094+00:00 app[web.1]: 	at org.eclipse.jetty.server.handler.AbstractHandler.doStart(AbstractHandler.java:61)
2015-03-19T03:55:09.454117+00:00 app[web.1]: 	at org.eclipse.jetty.server.Server.start(Server.java:399)
2015-03-19T03:55:09.454136+00:00 app[web.1]: 	at org.springframework.beans.factory.annotation.AutowiredAnnotationBeanPostProcessor.postProcessPropertyValues(AutowiredAnnotationBeanPostProcessor.java:331)
2015-03-19T03:55:09.454410+00:00 app[web.1]: 	at org.eclipse.jetty.util.component.AbstractLifeCycle.start(AbstractLifeCycle.java:68)
2015-03-19T03:55:09.454414+00:00 app[web.1]: 	at org.eclipse.jetty.util.component.ContainerLifeCycle.doStart(ContainerLifeCycle.java:114)
2015-03-19T03:55:09.454416+00:00 app[web.1]: 	at org.eclipse.jetty.server.handler.AbstractHandler.doStart(AbstractHandler.java:61)
2015-03-19T03:55:09.454419+00:00 app[web.1]: 	at org.eclipse.jetty.util.component.AbstractLifeCycle.start(AbstractLifeCycle.java:68)
2015-03-19T03:55:09.454422+00:00 app[web.1]: 	at org.eclipse.jetty.runner.Runner.main(Runner.java:557)
2015-03-19T03:55:09.454423+00:00 app[web.1]: Caused by: 
2015-03-19T03:55:09.454425+00:00 app[web.1]: java.lang.NoClassDefFoundError: org/hibernate/cfg/Configuration
2015-03-19T03:55:09.454426+00:00 app[web.1]: 	at java.lang.Class.getDeclaredMethods0(Native Method)
2015-03-19T03:55:09.454428+00:00 app[web.1]: 	at java.lang.Class.privateGetDeclaredMethods(Class.java:2701)
2015-03-19T03:55:09.454429+00:00 app[web.1]: 	at java.lang.Class.getDeclaredMethods(Class.java:1975)
2015-03-19T03:55:09.454755+00:00 app[web.1]: 	at org.springframework.util.ReflectionUtils.doWithMethods(ReflectionUtils.java:474)
2015-03-19T03:55:09.454765+00:00 app[web.1]: 	at org.springframework.beans.factory.support.AbstractBeanFactory.isTypeMatch(AbstractBeanFactory.java:542)
2015-03-19T03:55:09.454818+00:00 app[web.1]: 	at org.eclipse.jetty.util.component.ContainerLifeCycle.doStart(ContainerLifeCycle.java:114)
2015-03-19T03:55:09.454834+00:00 app[web.1]: 	at org.eclipse.jetty.server.handler.AbstractHandler.doStart(AbstractHandler.java:61)
2015-03-19T03:55:09.454088+00:00 app[web.1]: 	at org.eclipse.jetty.server.handler.ContextHandlerCollection.doStart(ContextHandlerCollection.java:163)
2015-03-19T03:55:09.454137+00:00 app[web.1]: 	at org.springframework.beans.factory.support.AbstractAutowireCapableBeanFactory.populateBean(AbstractAutowireCapableBeanFactory.java:1202)
2015-03-19T03:55:09.454148+00:00 app[web.1]: 	at org.springframework.beans.factory.support.DefaultListableBeanFactory.preInstantiateSingletons(DefaultListableBeanFactory.java:755)
2015-03-19T03:55:09.454151+00:00 app[web.1]: 	at org.springframework.context.support.AbstractApplicationContext.refresh(AbstractApplicationContext.java:480)
2015-03-19T03:55:09.454157+00:00 app[web.1]: 	at org.eclipse.jetty.server.handler.ContextHandler.callContextInitialized(ContextHandler.java:799)
2015-03-19T03:55:09.454433+00:00 app[web.1]: 	at org.springframework.util.ReflectionUtils.doWithMethods(ReflectionUtils.java:474)
2015-03-19T03:55:09.454478+00:00 app[web.1]: 	at org.springframework.beans.factory.support.DefaultListableBeanFactory.preInstantiateSingletons(DefaultListableBeanFactory.java:755)
2015-03-19T03:55:09.454484+00:00 app[web.1]: 	at org.springframework.web.context.ContextLoader.initWebApplicationContext(ContextLoader.java:306)
2015-03-19T03:55:09.454489+00:00 app[web.1]: 	at org.eclipse.jetty.server.handler.ContextHandler.startContext(ContextHandler.java:790)
2015-03-19T03:55:09.454494+00:00 app[web.1]: 	at org.eclipse.jetty.webapp.WebAppContext.startContext(WebAppContext.java:1336)
2015-03-19T03:55:09.454495+00:00 app[web.1]: 	at org.eclipse.jetty.server.handler.ContextHandler.doStart(ContextHandler.java:742)
2015-03-19T03:55:09.454497+00:00 app[web.1]: 	at org.eclipse.jetty.webapp.WebAppContext.doStart(WebAppContext.java:499)
2015-03-19T03:55:09.454498+00:00 app[web.1]: 	at org.eclipse.jetty.util.component.AbstractLifeCycle.start(AbstractLifeCycle.java:68)
2015-03-19T03:55:09.454515+00:00 app[web.1]: 	at org.eclipse.jetty.util.component.ContainerLifeCycle.doStart(ContainerLifeCycle.java:114)
2015-03-19T03:55:09.454535+00:00 app[web.1]: 	at java.net.URLClassLoader.findClass(URLClassLoader.java:381)
2015-03-19T03:55:09.454541+00:00 app[web.1]: 	at org.eclipse.jetty.webapp.WebAppClassLoader.loadClass(WebAppClassLoader.java:450)
2015-03-19T03:55:09.454546+00:00 app[web.1]: 	at java.lang.Class.privateGetDeclaredMethods(Class.java:2701)
2015-03-19T03:55:09.454762+00:00 app[web.1]: 	at org.springframework.beans.factory.support.AbstractAutowireCapableBeanFactory.getSingletonFactoryBeanForTypeCheck(AbstractAutowireCapableBeanFactory.java:860)
2015-03-19T03:55:09.454772+00:00 app[web.1]: 	at org.springframework.beans.factory.support.DefaultListableBeanFactory.doResolveDependency(DefaultListableBeanFactory.java:1044)
2015-03-19T03:55:09.454777+00:00 app[web.1]: 	at org.springframework.beans.factory.annotation.InjectionMetadata.inject(InjectionMetadata.java:88)
2015-03-19T03:55:09.454780+00:00 app[web.1]: 	at org.springframework.beans.factory.support.AbstractAutowireCapableBeanFactory.populateBean(AbstractAutowireCapableBeanFactory.java:1202)
2015-03-19T03:55:09.454787+00:00 app[web.1]: 	at org.springframework.beans.factory.support.AbstractBeanFactory.doGetBean(AbstractBeanFactory.java:299)
2015-03-19T03:55:09.454790+00:00 app[web.1]: 	at org.springframework.beans.factory.support.DefaultListableBeanFactory.preInstantiateSingletons(DefaultListableBeanFactory.java:755)
2015-03-19T03:55:09.454491+00:00 app[web.1]: 	at org.eclipse.jetty.servlet.ServletContextHandler.startContext(ServletContextHandler.java:337)
2015-03-19T03:55:09.454492+00:00 app[web.1]: 	at org.eclipse.jetty.webapp.WebAppContext.startWebapp(WebAppContext.java:1343)
2015-03-19T03:55:09.454501+00:00 app[web.1]: 	at org.eclipse.jetty.util.component.ContainerLifeCycle.doStart(ContainerLifeCycle.java:114)
2015-03-19T03:55:09.454503+00:00 app[web.1]: 	at org.eclipse.jetty.server.handler.ContextHandlerCollection.doStart(ContextHandlerCollection.java:163)
2015-03-19T03:55:09.454771+00:00 app[web.1]: 	at org.springframework.beans.factory.support.DefaultListableBeanFactory.findAutowireCandidates(DefaultListableBeanFactory.java:1105)
2015-03-19T03:55:09.454784+00:00 app[web.1]: 	at org.springframework.beans.factory.support.AbstractBeanFactory$1.getObject(AbstractBeanFactory.java:303)
2015-03-19T03:55:09.454803+00:00 app[web.1]: 	at org.eclipse.jetty.server.handler.ContextHandler.startContext(ContextHandler.java:790)
2015-03-19T03:55:09.454817+00:00 app[web.1]: 	at org.eclipse.jetty.util.component.ContainerLifeCycle.start(ContainerLifeCycle.java:132)
2015-03-19T03:55:09.454825+00:00 app[web.1]: 	at org.eclipse.jetty.util.component.ContainerLifeCycle.doStart(ContainerLifeCycle.java:114)
2015-03-19T03:55:09.454814+00:00 app[web.1]: 	at org.eclipse.jetty.webapp.WebAppContext.doStart(WebAppContext.java:499)
2015-03-19T03:55:09.454822+00:00 app[web.1]: 	at org.eclipse.jetty.util.component.AbstractLifeCycle.start(AbstractLifeCycle.java:68)
2015-03-19T03:55:09.454829+00:00 app[web.1]: 	at org.eclipse.jetty.util.component.ContainerLifeCycle.start(ContainerLifeCycle.java:132)
2015-03-19T03:55:09.454831+00:00 app[web.1]: 	at org.eclipse.jetty.server.Server.start(Server.java:399)
2015-03-19T03:55:09.454832+00:00 app[web.1]: 	at org.eclipse.jetty.util.component.ContainerLifeCycle.doStart(ContainerLifeCycle.java:114)
2015-03-19T03:55:09.454835+00:00 app[web.1]: 	at org.eclipse.jetty.server.Server.doStart(Server.java:366)
2015-03-19T03:55:09.476840+00:00 app[web.1]: 2015-03-19 03:55:09.473:INFO:oejs.ServerConnector:main: Started ServerConnector@2eae8e6e{HTTP/1.1,[http/1.1]}{0.0.0.0:24393}
2015-03-19T03:55:09.454508+00:00 app[web.1]: 	at org.eclipse.jetty.util.component.ContainerLifeCycle.doStart(ContainerLifeCycle.java:114)
2015-03-19T03:55:09.454539+00:00 app[web.1]: 	at java.lang.ClassLoader.loadClass(ClassLoader.java:357)
2015-03-19T03:55:09.454761+00:00 app[web.1]: 	at org.springframework.beans.factory.support.AbstractAutowireCapableBeanFactory.createBeanInstance(AbstractAutowireCapableBeanFactory.java:1030)
2015-03-19T03:55:09.454775+00:00 app[web.1]: 	at org.springframework.beans.factory.annotation.AutowiredAnnotationBeanPostProcessor$AutowiredFieldElement.inject(AutowiredAnnotationBeanPostProcessor.java:533)
2015-03-19T03:55:09.454781+00:00 app[web.1]: 	at org.springframework.beans.factory.support.AbstractAutowireCapableBeanFactory.doCreateBean(AbstractAutowireCapableBeanFactory.java:537)
2015-03-19T03:55:09.454793+00:00 app[web.1]: 	at org.springframework.context.support.AbstractApplicationContext.refresh(AbstractApplicationContext.java:480)
2015-03-19T03:55:09.454795+00:00 app[web.1]: 	at org.springframework.web.context.ContextLoader.configureAndRefreshWebApplicationContext(ContextLoader.java:403)
2015-03-19T03:55:09.454800+00:00 app[web.1]: 	at org.eclipse.jetty.server.handler.ContextHandler.callContextInitialized(ContextHandler.java:799)
2015-03-19T03:55:09.454809+00:00 app[web.1]: 	at org.eclipse.jetty.webapp.WebAppContext.startWebapp(WebAppContext.java:1343)
2015-03-19T03:55:09.454812+00:00 app[web.1]: 	at org.eclipse.jetty.server.handler.ContextHandler.doStart(ContextHandler.java:742)
2015-03-19T03:55:09.454824+00:00 app[web.1]: 	at org.eclipse.jetty.util.component.ContainerLifeCycle.start(ContainerLifeCycle.java:132)
2015-03-19T03:55:09.454827+00:00 app[web.1]: 	at org.eclipse.jetty.server.handler.AbstractHandler.doStart(AbstractHandler.java:61)
2015-03-19T03:55:09.454828+00:00 app[web.1]: 	at org.eclipse.jetty.util.component.AbstractLifeCycle.start(AbstractLifeCycle.java:68)
2015-03-19T03:55:09.454530+00:00 app[web.1]: 	at org.eclipse.jetty.runner.Runner.run(Runner.java:509)
2015-03-19T03:55:09.454536+00:00 app[web.1]: 	at java.lang.ClassLoader.loadClass(ClassLoader.java:424)
2015-03-19T03:55:09.454547+00:00 app[web.1]: 	at java.lang.Class.getDeclaredMethods(Class.java:1975)
2015-03-19T03:55:09.454770+00:00 app[web.1]: 	at org.springframework.beans.factory.BeanFactoryUtils.beanNamesForTypeIncludingAncestors(BeanFactoryUtils.java:187)
2015-03-19T03:55:09.454815+00:00 app[web.1]: 	at org.eclipse.jetty.util.component.AbstractLifeCycle.start(AbstractLifeCycle.java:68)
2015-03-19T03:55:09.454820+00:00 app[web.1]: 	at org.eclipse.jetty.server.handler.AbstractHandler.doStart(AbstractHandler.java:61)
2015-03-19T03:55:09.454821+00:00 app[web.1]: 	at org.eclipse.jetty.server.handler.ContextHandlerCollection.doStart(ContextHandlerCollection.java:163)
2015-03-19T03:55:09.454838+00:00 app[web.1]: 	at org.eclipse.jetty.runner.Runner.run(Runner.java:509)
2015-03-19T03:55:09.454789+00:00 app[web.1]: 	at org.springframework.beans.factory.support.AbstractBeanFactory.getBean(AbstractBeanFactory.java:194)
2015-03-19T03:55:09.454801+00:00 app[web.1]: 	at org.eclipse.jetty.servlet.ServletContextHandler.callContextInitialized(ServletContextHandler.java:499)
2015-03-19T03:55:09.454811+00:00 app[web.1]: 	at org.eclipse.jetty.webapp.WebAppContext.startContext(WebAppContext.java:1336)
2015-03-19T03:55:09.477200+00:00 app[web.1]: 2015-03-19 03:55:09.477:INFO:oejs.Server:main: Started @5534ms
2015-03-19T03:55:09.792336+00:00 heroku[web.1]: State changed from starting to up
2015-03-19T03:55:31.115628+00:00 heroku[router]: at=info method=GET path="/" host=projectpanel.herokuapp.com request_id=399b88f7-6cd7-4f13-9258-cf971308c27b fwd="118.92.238.76" dyno=web.1 connect=1ms service=16ms status=503 bytes=520
2015-03-19T03:55:31.596743+00:00 heroku[router]: at=info method=GET path="/favicon.ico" host=projectpanel.herokuapp.com request_id=aa07d5e8-ce97-4e16-a61c-dcf9ab13d886 fwd="118.92.238.76" dyno=web.1 connect=2ms service=7ms status=503 bytes=531
2015-03-19T03:56:30.050765+00:00 heroku[router]: at=info method=GET path="/" host=projectpanel.herokuapp.com request_id=b6c7f6e8-c22f-4116-a5a3-cad7ff224824 fwd="118.92.238.76" dyno=web.1 connect=1ms service=4ms status=503 bytes=520
2015-03-19T03:56:30.385765+00:00 heroku[router]: at=info method=GET path="/favicon.ico" host=projectpanel.herokuapp.com request_id=49f256bc-29dc-4af8-b5bc-3b2d1ab27806 fwd="118.92.238.76" dyno=web.1 connect=2ms service=4ms status=503 bytes=531
2015-03-19T03:56:36.375291+00:00 heroku[router]: at=info method=GET path="/welcome" host=projectpanel.herokuapp.com request_id=9ca2ac74-de57-4351-85ca-1f511b3b7f19 fwd="118.92.238.76" dyno=web.1 connect=2ms service=8ms status=503 bytes=527
2015-03-19T03:56:36.720943+00:00 heroku[router]: at=info method=GET path="/favicon.ico" host=projectpanel.herokuapp.com request_id=43895095-bb13-4bc3-a07e-e2181f330298 fwd="118.92.238.76" dyno=web.1 connect=6ms service=3ms status=503 bytes=531
2015-03-19T03:59:05.484845+00:00 heroku[router]: at=info method=GET path="/" host=projectpanel.herokuapp.com request_id=1964147f-6cb9-4e96-9be8-224adcbc358c fwd="118.92.238.76" dyno=web.1 connect=1ms service=4ms status=503 bytes=520
2015-03-19T03:59:05.864609+00:00 heroku[router]: at=info method=GET path="/favicon.ico" host=projectpanel.herokuapp.com request_id=3d0c4bfe-dcc8-4ea4-a4ee-dac39a4f7261 fwd="118.92.238.76" dyno=web.1 connect=4ms service=2ms status=503 bytes=531
2015-03-19T04:02:37.396703+00:00 heroku[router]: at=info method=GET path="/" host=projectpanel.herokuapp.com request_id=989ad410-4a63-48ea-a2f4-23dac342dfbb fwd="118.92.238.76" dyno=web.1 connect=2ms service=1252ms status=503 bytes=520
2015-03-19T04:02:37.789320+00:00 heroku[router]: at=info method=GET path="/favicon.ico" host=projectpanel.herokuapp.com request_id=7e82e7b9-cc15-4c51-8695-b627a3780c13 fwd="118.92.238.76" dyno=web.1 connect=3ms service=64ms status=503 bytes=531
2015-03-19T04:05:58.847164+00:00 heroku[router]: at=info method=GET path="/" host=projectpanel.herokuapp.com request_id=67d3001f-5776-4fb0-ac4a-22f73890bc53 fwd="118.92.238.76" dyno=web.1 connect=5ms service=35ms status=503 bytes=520
2015-03-19T04:05:59.174878+00:00 heroku[router]: at=info method=GET path="/favicon.ico" host=projectpanel.herokuapp.com request_id=07bbc509-1be9-4996-a953-e36a817c9aba fwd="118.92.238.76" dyno=web.1 connect=0ms service=3ms status=503 bytes=531
